[INFO] : 1/8/2020, 2:44:13 PM : Redis connected 
[INFO] : 1/8/2020, 2:45:17 PM : Redis connected 
[INFO] : 1/8/2020, 2:45:53 PM : Server listening on port 3030 
[INFO] : 1/8/2020, 2:45:53 PM : Redis connected 
[INFO] : 1/8/2020, 2:46:32 PM : Redis connected 
[INFO] : 1/8/2020, 2:48:01 PM : Redis connected 
[INFO] : 1/8/2020, 2:48:47 PM : Redis connected 
[INFO] : 1/8/2020, 2:54:26 PM : Redis connected 
[INFO] : 1/8/2020, 3:01:53 PM : Redis connected 
[INFO] : 1/8/2020, 3:03:28 PM : Redis connected 
[INFO] : 1/8/2020, 3:04:01 PM : Redis connected 
[INFO] : 1/8/2020, 3:08:11 PM : Redis connected 
[INFO] : 1/8/2020, 3:11:14 PM : Redis connected 
[INFO] : 1/8/2020, 3:12:10 PM : Redis connected 
[INFO] : 1/8/2020, 3:12:13 PM : Server listening on port 1 
[INFO] : 1/8/2020, 3:19:14 PM : Redis connected 
[INFO] : 1/8/2020, 3:19:15 PM : Server listening on port 1 
[INFO] : 1/8/2020, 3:21:03 PM : Redis connected 
[INFO] : 1/8/2020, 3:21:04 PM : Server listening on port 1 
[INFO] : 1/8/2020, 3:22:32 PM : Redis connected 
[INFO] : 1/8/2020, 3:22:35 PM : Server listening on port 1 
[INFO] : 1/8/2020, 3:24:55 PM : Redis connected 
[INFO] : 1/8/2020, 3:24:58 PM : Server listening on port 1 
[INFO] : 1/8/2020, 3:25:56 PM : Redis connected 
[INFO] : 1/8/2020, 3:25:59 PM : Server listening on port 1 
[INFO] : 1/8/2020, 3:26:40 PM : Redis connected 
[INFO] : 1/8/2020, 3:26:44 PM : Server listening on port 1 
[INFO] : 1/8/2020, 3:27:44 PM : Redis connected 
[INFO] : 1/8/2020, 3:27:45 PM : Server listening on port 1 
[INFO] : 1/8/2020, 3:29:48 PM : Redis connected 
[INFO] : 1/8/2020, 3:29:51 PM : Server listening on port 1 
[INFO] : 1/8/2020, 3:37:24 PM : Redis connected 
[INFO] : 1/8/2020, 3:37:25 PM : Server listening on port 1 
[INFO] : 1/8/2020, 3:38:50 PM : Redis connected 
[INFO] : 1/8/2020, 3:38:51 PM : Server listening on port 1 
[INFO] : 1/8/2020, 3:39:27 PM : Redis connected 
[INFO] : 1/8/2020, 3:39:31 PM : Server listening on port 1 
[INFO] : 1/8/2020, 3:39:37 PM : Server listening on port 1 
[INFO] : 1/8/2020, 3:42:38 PM : Redis connected 
[INFO] : 1/8/2020, 3:43:56 PM : Redis connected 
[INFO] : 1/8/2020, 3:47:25 PM : Redis connected 
[INFO] : 1/8/2020, 3:47:26 PM : Server listening on port 1 
[INFO] : 1/8/2020, 3:47:32 PM : Server listening on port 1 
[INFO] : 1/8/2020, 3:47:39 PM : Server listening on port 1 
[INFO] : 1/8/2020, 3:48:15 PM : Redis connected 
[INFO] : 1/8/2020, 3:48:18 PM : Server listening on port 3030 
[INFO] : 1/8/2020, 3:48:25 PM : Server listening on port 3030 
[INFO] : 1/8/2020, 3:50:30 PM : Redis connected 
[INFO] : 1/8/2020, 3:50:34 PM : Server listening on port 3030 
[INFO] : 1/8/2020, 3:50:41 PM : Server listening on port 3030 
[INFO] : 1/8/2020, 3:50:47 PM : Server listening on port 3030 
[INFO] : 1/8/2020, 3:50:54 PM : Server listening on port 3030 
[INFO] : 1/8/2020, 3:53:24 PM : Redis connected 
[INFO] : 1/8/2020, 3:53:28 PM : Server listening on port 3030 
[INFO] : 1/8/2020, 3:56:32 PM : Redis connected 
[INFO] : 1/8/2020, 3:59:00 PM : Redis connected 
[INFO] : 1/8/2020, 4:00:01 PM : Redis connected 
[ERROR] : 1/9/2020, 7:17:50 AM : Error: Redis connection to localhost:6380 failed - connect ECONNREFUSED 127.0.0.1:6380 
[ERROR] : 1/9/2020, 7:17:52 AM : Error: Redis connection to localhost:6380 failed - connect ECONNREFUSED 127.0.0.1:6380 
[INFO] : 1/9/2020, 7:22:15 AM : Redis connected 
[INFO] : 1/9/2020, 7:27:10 AM : Redis connected 
[INFO] : 1/9/2020, 7:29:14 AM : Redis connected 
[INFO] : 1/9/2020, 7:29:15 AM : Server listening on port 3030 
[INFO] : 1/9/2020, 7:29:21 AM : Server listening on port 3030 
[INFO] : 1/9/2020, 7:29:27 AM : Server listening on port 3030 
[INFO] : 1/9/2020, 7:29:32 AM : Server listening on port 3030 
[INFO] : 1/9/2020, 7:30:45 AM : Redis connected 
[INFO] : 1/9/2020, 7:30:48 AM : Server listening on port 3030 
[INFO] : 1/9/2020, 7:30:54 AM : Server listening on port 3030 
[INFO] : 1/9/2020, 7:31:29 AM : Redis connected 
[INFO] : 1/9/2020, 7:31:32 AM : Server listening on port 3031 
[INFO] : 1/9/2020, 7:33:05 AM : Redis connected 
[INFO] : 1/9/2020, 7:33:11 AM : Server listening on port 3031 
[INFO] : 1/9/2020, 7:36:49 AM : Redis connected 
[INFO] : 1/9/2020, 7:36:52 AM : Server listening on port 3031 
[INFO] : 1/9/2020, 7:37:42 AM : Redis connected 
[INFO] : 1/9/2020, 7:38:03 AM : Redis connected 
[INFO] : 1/9/2020, 7:54:05 AM : Redis connected 
[INFO] : 1/9/2020, 7:55:33 AM : Redis connected 
[INFO] : 1/9/2020, 7:55:47 AM : Redis connected 
[INFO] : 1/9/2020, 7:55:48 AM : Server listening on port 3031 
[INFO] : 1/9/2020, 7:59:10 AM : Redis connected 
[INFO] : 1/9/2020, 7:59:13 AM : Server listening on port 3031 
[INFO] : 1/9/2020, 8:00:04 AM : Redis connected 
[INFO] : 1/9/2020, 8:01:09 AM : Redis connected 
[INFO] : 1/9/2020, 8:01:12 AM : Server listening on port 3031 
[INFO] : 1/9/2020, 8:02:03 AM : Redis connected 
[INFO] : 1/9/2020, 8:02:06 AM : Server listening on port 3031 
[INFO] : 1/9/2020, 8:02:49 AM : Redis connected 
[INFO] : 1/9/2020, 8:02:50 AM : Server listening on port 3031 
[INFO] : 1/9/2020, 8:05:38 AM : Redis connected 
[INFO] : 1/9/2020, 8:05:42 AM : Server listening on port 3031 
[INFO] : 1/9/2020, 8:06:14 AM : Redis connected 
[INFO] : 1/9/2020, 8:06:18 AM : Server listening on port 3031 
[INFO] : 1/9/2020, 8:07:09 AM : Redis connected 
[INFO] : 1/9/2020, 8:07:12 AM : Server listening on port 3031 
[INFO] : 1/9/2020, 8:07:51 AM : Redis connected 
[INFO] : 1/9/2020, 8:07:55 AM : Server listening on port 3031 
[INFO] : 1/9/2020, 8:09:23 AM : Redis connected 
[INFO] : 1/9/2020, 8:09:26 AM : Server listening on port 3031 
[INFO] : 1/9/2020, 8:10:28 AM : Redis connected 
[INFO] : 1/9/2020, 8:10:31 AM : Server listening on port 3031 
[INFO] : 1/9/2020, 8:11:45 AM : Redis connected 
[INFO] : 1/9/2020, 8:11:48 AM : Server listening on port 3031 
[INFO] : 1/9/2020, 8:13:40 AM : Redis connected 
[INFO] : 1/9/2020, 8:13:41 AM : Server listening on port 3031 
[INFO] : 1/9/2020, 8:14:25 AM : Redis connected 
[INFO] : 1/9/2020, 8:14:26 AM : Server listening on port 3031 
[INFO] : 1/9/2020, 8:15:24 AM : Redis connected 
[INFO] : 1/9/2020, 8:15:25 AM : Server listening on port 3031 
[INFO] : 1/9/2020, 8:16:11 AM : Redis connected 
[INFO] : 1/9/2020, 8:16:12 AM : Server listening on port 3031 
[INFO] : 1/9/2020, 8:18:05 AM : Redis connected 
[INFO] : 1/9/2020, 8:18:05 AM : Server listening on port 3031 
[INFO] : 1/9/2020, 8:21:33 AM : Server listening on port 3031 
[INFO] : 1/9/2020, 8:21:35 AM : Redis connected 
[INFO] : 1/9/2020, 8:23:47 AM : Redis connected 
[INFO] : 1/9/2020, 8:23:48 AM : Server listening on port 3031 
[INFO] : 1/9/2020, 8:26:10 AM : Server listening on port 3031 
[INFO] : 1/9/2020, 8:26:11 AM : Redis connected 
[INFO] : 1/9/2020, 8:29:56 AM : Server listening on port 3031 
[INFO] : 1/9/2020, 8:29:58 AM : Redis connected 
[INFO] : 1/9/2020, 8:39:51 AM : Redis connected 
[INFO] : 1/9/2020, 8:39:52 AM : Server listening on port 3031 
[INFO] : 1/9/2020, 8:42:36 AM : Redis connected 
[INFO] : 1/9/2020, 8:42:38 AM : Server listening on port 3031 
[INFO] : 1/9/2020, 8:43:14 AM : Redis connected 
[INFO] : 1/9/2020, 8:43:14 AM : Server listening on port 3031 
[INFO] : 1/9/2020, 8:50:29 AM : Redis connected 
[INFO] : 1/9/2020, 8:50:30 AM : Server listening on port 3031 
[INFO] : 1/9/2020, 8:51:20 AM : Redis connected 
[INFO] : 1/9/2020, 8:51:20 AM : Server listening on port 3031 
[INFO] : 1/9/2020, 8:52:28 AM : Redis connected 
[INFO] : 1/9/2020, 8:52:29 AM : Server listening on port 3031 
[INFO] : 1/9/2020, 8:55:43 AM : Redis connected 
[INFO] : 1/9/2020, 8:55:44 AM : Server listening on port 3031 
[INFO] : 1/9/2020, 8:56:14 AM : Redis connected 
[INFO] : 1/9/2020, 8:56:15 AM : Server listening on port 3031 
[INFO] : 1/9/2020, 8:59:00 AM : Redis connected 
[INFO] : 1/9/2020, 8:59:00 AM : Server listening on port 3031 
[INFO] : 1/9/2020, 8:59:22 AM : Redis connected 
[INFO] : 1/9/2020, 8:59:23 AM : Server listening on port 3031 
[INFO] : 1/9/2020, 9:00:32 AM : Redis connected 
[INFO] : 1/9/2020, 9:00:35 AM : Server listening on port 3031 
[INFO] : 1/9/2020, 9:01:30 AM : Redis connected 
[INFO] : 1/9/2020, 9:01:33 AM : Server listening on port 3031 
[INFO] : 1/9/2020, 9:02:19 AM : Redis connected 
[INFO] : 1/9/2020, 9:02:20 AM : Server listening on port 3031 
[INFO] : 1/9/2020, 9:03:33 AM : Redis connected 
[INFO] : 1/9/2020, 9:03:34 AM : Server listening on port 3031 
[INFO] : 1/9/2020, 9:04:40 AM : Redis connected 
[INFO] : 1/9/2020, 9:04:40 AM : Server listening on port 3031 
[INFO] : 1/9/2020, 9:11:02 AM : Redis connected 
[INFO] : 1/9/2020, 9:11:03 AM : Server listening on port 3031 
[INFO] : 1/9/2020, 9:18:12 AM : Redis connected 
[INFO] : 1/9/2020, 9:18:13 AM : Server listening on port 3031 
[INFO] : 1/9/2020, 9:19:47 AM : Redis connected 
[INFO] : 1/9/2020, 9:19:48 AM : Server listening on port 3031 
[INFO] : 1/9/2020, 9:20:45 AM : Redis connected 
[INFO] : 1/9/2020, 9:20:45 AM : Server listening on port 3031 
[INFO] : 1/9/2020, 9:21:27 AM : Redis connected 
[INFO] : 1/9/2020, 9:21:28 AM : Server listening on port 3031 
[INFO] : 1/9/2020, 9:22:32 AM : Redis connected 
[INFO] : 1/9/2020, 9:22:32 AM : Server listening on port 3031 
[INFO] : 1/9/2020, 3:35:42 PM : Redis connected 
[INFO] : 1/9/2020, 3:35:46 PM : Server listening on port 3031 
[INFO] : 1/9/2020, 3:36:31 PM : Redis connected 
[INFO] : 1/9/2020, 3:36:32 PM : Server listening on port 3031 
[INFO] : 1/9/2020, 3:37:16 PM : Redis connected 
[INFO] : 1/9/2020, 3:37:17 PM : Server listening on port 3031 
[INFO] : 1/9/2020, 3:39:28 PM : Redis connected 
[INFO] : 1/9/2020, 3:39:29 PM : Server listening on port 3031 
[INFO] : 1/9/2020, 3:41:47 PM : Redis connected 
[INFO] : 1/9/2020, 3:41:47 PM : Server listening on port 3031 
[INFO] : 1/9/2020, 3:50:52 PM : Redis connected 
[INFO] : 1/9/2020, 3:50:53 PM : Server listening on port 3031 
[INFO] : 1/9/2020, 3:52:07 PM : Redis connected 
[INFO] : 1/9/2020, 3:52:08 PM : Server listening on port 3031 
[INFO] : 1/9/2020, 3:52:47 PM : Redis connected 
[INFO] : 1/9/2020, 3:52:48 PM : Server listening on port 3031 
[INFO] : 1/9/2020, 3:56:17 PM : Redis connected 
[INFO] : 1/9/2020, 3:56:18 PM : Server listening on port 3031 
[INFO] : 1/9/2020, 3:58:07 PM : Redis connected 
[INFO] : 1/9/2020, 3:58:07 PM : Server listening on port 3031 
[INFO] : 1/9/2020, 3:58:42 PM : Redis connected 
[INFO] : 1/9/2020, 3:58:42 PM : Server listening on port 3031 
[INFO] : 1/10/2020, 9:08:43 AM : Redis connected 
[INFO] : 1/10/2020, 9:08:44 AM : Server listening on port 3031 
[INFO] : 1/10/2020, 9:10:57 AM : Redis connected 
[INFO] : 1/10/2020, 9:10:58 AM : Server listening on port 3031 
[INFO] : 1/10/2020, 9:11:32 AM : Redis connected 
[INFO] : 1/10/2020, 9:11:32 AM : Server listening on port 3031 
[INFO] : 1/10/2020, 9:12:23 AM : Redis connected 
[INFO] : 1/10/2020, 9:12:23 AM : Server listening on port 3031 
[INFO] : 1/10/2020, 9:13:18 AM : Redis connected 
[INFO] : 1/10/2020, 9:13:19 AM : Server listening on port 3031 
[INFO] : 1/10/2020, 9:16:40 AM : Redis connected 
[INFO] : 1/10/2020, 9:16:40 AM : Server listening on port 3031 
[INFO] : 1/10/2020, 9:18:52 AM : Redis connected 
[INFO] : 1/10/2020, 9:18:53 AM : Server listening on port 3031 
[INFO] : 1/10/2020, 9:23:18 AM : Redis connected 
[INFO] : 1/10/2020, 9:23:19 AM : Server listening on port 3031 
