[INFO] : 3/4/2020, 1:10:27 PM : Redis connected 
[INFO] : 3/4/2020, 1:10:27 PM : SQL Database connected at :memory: 
[INFO] : 3/4/2020, 1:10:28 PM : Server listening on port 3031 
[INFO] : 3/4/2020, 1:13:44 PM : Redis connected 
[INFO] : 3/4/2020, 1:13:44 PM : SQL Database connected at :memory: 
[INFO] : 3/4/2020, 1:13:45 PM : Server listening on port 3031 
[INFO] : 3/4/2020, 1:15:14 PM : Redis connected 
[INFO] : 3/4/2020, 1:15:14 PM : SQL Database connected at :memory: 
[INFO] : 3/4/2020, 1:15:15 PM : Server listening on port 3031 
[INFO] : 3/4/2020, 1:16:36 PM : Redis connected 
[INFO] : 3/4/2020, 1:16:36 PM : SQL Database connected at :memory: 
[INFO] : 3/4/2020, 1:16:37 PM : Server listening on port 3031 
[INFO] : 3/4/2020, 1:18:46 PM : Redis connected 
[INFO] : 3/4/2020, 1:18:47 PM : SQL Database connected at :memory: 
[INFO] : 3/4/2020, 1:18:47 PM : Server listening on port 3031 
[INFO] : 3/4/2020, 1:20:35 PM : Server listening on port 3031 
[INFO] : 3/4/2020, 1:20:37 PM : Redis connected 
[INFO] : 3/4/2020, 1:20:37 PM : SQL Database connected at :memory: 
[INFO] : 3/4/2020, 1:24:01 PM : Redis connected 
[INFO] : 3/4/2020, 1:24:01 PM : SQL Database connected at :memory: 
[INFO] : 3/4/2020, 1:24:01 PM : Server listening on port 3031 
[INFO] : 3/4/2020, 1:25:46 PM : Redis connected 
[INFO] : 3/4/2020, 1:25:46 PM : SQL Database connected at :memory: 
[INFO] : 3/4/2020, 1:25:47 PM : Server listening on port 3031 
[INFO] : 3/4/2020, 1:26:37 PM : Redis connected 
[INFO] : 3/4/2020, 1:26:37 PM : SQL Database connected at :memory: 
[INFO] : 3/4/2020, 1:26:38 PM : Server listening on port 3031 
[INFO] : 3/4/2020, 1:27:14 PM : Redis connected 
[INFO] : 3/4/2020, 1:27:14 PM : SQL Database connected at :memory: 
[INFO] : 3/4/2020, 1:27:15 PM : Server listening on port 3031 
[INFO] : 3/4/2020, 1:34:16 PM : Redis connected 
[INFO] : 3/4/2020, 1:34:16 PM : SQL Database connected at :memory: 
[INFO] : 3/4/2020, 1:34:17 PM : Server listening on port 3031 
[INFO] : 3/4/2020, 1:45:53 PM : Redis connected 
[INFO] : 3/4/2020, 1:45:54 PM : SQL Database connected at :memory: 
[INFO] : 3/4/2020, 1:45:54 PM : Server listening on port 3031 
[INFO] : 3/5/2020, 7:43:44 AM : Redis connected 
[INFO] : 3/5/2020, 7:43:45 AM : SQL Database connected at :memory: 
[INFO] : 3/5/2020, 7:43:45 AM : Server listening on port 3031 
[INFO] : 3/5/2020, 7:45:10 AM : Redis connected 
[INFO] : 3/5/2020, 7:45:10 AM : SQL Database connected at :memory: 
[INFO] : 3/5/2020, 7:45:11 AM : Server listening on port 3031 
[INFO] : 3/5/2020, 7:45:56 AM : Redis connected 
[INFO] : 3/5/2020, 7:45:56 AM : SQL Database connected at :memory: 
[INFO] : 3/5/2020, 7:45:56 AM : Server listening on port 3031 
[INFO] : 3/5/2020, 7:52:40 AM : Redis connected 
[INFO] : 3/5/2020, 7:52:40 AM : SQL Database connected at :memory: 
[INFO] : 3/5/2020, 7:52:40 AM : Server listening on port 3031 
[INFO] : 3/5/2020, 7:54:24 AM : Redis connected 
[INFO] : 3/5/2020, 7:54:24 AM : SQL Database connected at :memory: 
[INFO] : 3/5/2020, 7:54:25 AM : Server listening on port 3031 
[INFO] : 3/5/2020, 7:58:26 AM : Redis connected 
[INFO] : 3/5/2020, 7:58:26 AM : SQL Database connected at :memory: 
[INFO] : 3/5/2020, 7:58:27 AM : Server listening on port 3031 
[INFO] : 3/5/2020, 8:00:36 AM : Redis connected 
[INFO] : 3/5/2020, 8:00:36 AM : SQL Database connected at :memory: 
[INFO] : 3/5/2020, 8:00:37 AM : Server listening on port 3031 
[INFO] : 3/5/2020, 8:01:57 AM : Redis connected 
[INFO] : 3/5/2020, 8:01:58 AM : SQL Database connected at :memory: 
[INFO] : 3/5/2020, 8:02:25 AM : Redis connected 
[INFO] : 3/5/2020, 8:02:25 AM : SQL Database connected at :memory: 
[INFO] : 3/5/2020, 8:02:50 AM : Redis connected 
[INFO] : 3/5/2020, 8:02:51 AM : SQL Database connected at :memory: 
[INFO] : 3/5/2020, 8:02:51 AM : Server listening on port 3031 
[INFO] : 3/5/2020, 8:04:06 AM : Redis connected 
[INFO] : 3/5/2020, 8:04:06 AM : SQL Database connected at :memory: 
[INFO] : 3/5/2020, 8:04:06 AM : Server listening on port 3031 
[INFO] : 3/5/2020, 8:07:02 AM : Redis connected 
[INFO] : 3/5/2020, 8:07:02 AM : SQL Database connected at :memory: 
[INFO] : 3/5/2020, 8:07:03 AM : Server listening on port 3031 
[INFO] : 3/5/2020, 8:08:36 AM : Server listening on port 3031 
[INFO] : 3/5/2020, 8:08:38 AM : Redis connected 
[INFO] : 3/5/2020, 8:08:38 AM : SQL Database connected at :memory: 
[INFO] : 3/5/2020, 10:12:20 AM : Redis connected 
[INFO] : 3/5/2020, 10:12:20 AM : SQL Database connected at :memory: 
[INFO] : 3/5/2020, 10:27:33 AM : Redis connected 
[INFO] : 3/5/2020, 10:27:33 AM : SQL Database connected at :memory: 
[INFO] : 3/5/2020, 10:31:56 AM : Redis connected 
[INFO] : 3/5/2020, 10:31:56 AM : SQL Database connected at :memory: 
[INFO] : 3/5/2020, 10:32:33 AM : Redis connected 
[INFO] : 3/5/2020, 10:32:33 AM : SQL Database connected at :memory: 
[INFO] : 3/5/2020, 10:32:36 AM : Server listening on port 3031 
[INFO] : 3/5/2020, 10:35:49 AM : Redis connected 
[INFO] : 3/5/2020, 10:35:49 AM : SQL Database connected at :memory: 
[INFO] : 3/5/2020, 10:35:50 AM : Server listening on port 3031 
[INFO] : 3/5/2020, 10:37:22 AM : Redis connected 
[INFO] : 3/5/2020, 10:37:22 AM : SQL Database connected at :memory: 
[INFO] : 3/5/2020, 10:37:23 AM : Server listening on port 3031 
[INFO] : 3/5/2020, 10:44:18 AM : Redis connected 
[INFO] : 3/5/2020, 10:44:18 AM : SQL Database connected at :memory: 
[INFO] : 3/5/2020, 10:44:19 AM : Server listening on port 3031 
[INFO] : 3/5/2020, 10:44:54 AM : Redis connected 
[INFO] : 3/5/2020, 10:44:54 AM : SQL Database connected at :memory: 
[INFO] : 3/5/2020, 10:44:57 AM : Server listening on port 3031 
[INFO] : 3/5/2020, 10:46:16 AM : Redis connected 
[INFO] : 3/5/2020, 10:46:16 AM : SQL Database connected at :memory: 
[INFO] : 3/5/2020, 10:46:17 AM : Server listening on port 3031 
[INFO] : 3/5/2020, 10:47:44 AM : Redis connected 
[INFO] : 3/5/2020, 10:47:44 AM : SQL Database connected at :memory: 
[INFO] : 3/5/2020, 10:47:45 AM : Server listening on port 3031 
[INFO] : 3/5/2020, 10:50:44 AM : Redis connected 
[INFO] : 3/5/2020, 10:50:44 AM : SQL Database connected at :memory: 
[INFO] : 3/5/2020, 10:50:46 AM : Server listening on port 3031 
[INFO] : 3/5/2020, 10:51:43 AM : Redis connected 
[INFO] : 3/5/2020, 10:51:43 AM : SQL Database connected at :memory: 
[INFO] : 3/5/2020, 10:51:44 AM : Server listening on port 3031 
[INFO] : 3/5/2020, 10:52:12 AM : Redis connected 
[INFO] : 3/5/2020, 10:52:12 AM : SQL Database connected at :memory: 
[INFO] : 3/5/2020, 10:52:13 AM : Server listening on port 3031 
[INFO] : 3/5/2020, 1:37:28 PM : Redis connected 
[INFO] : 3/5/2020, 1:37:29 PM : SQL Database connected at :memory: 
[INFO] : 3/5/2020, 1:37:29 PM : Server listening on port 3031 
[INFO] : 3/5/2020, 1:39:23 PM : Redis connected 
[INFO] : 3/5/2020, 1:39:23 PM : SQL Database connected at :memory: 
[INFO] : 3/5/2020, 1:39:24 PM : Server listening on port 3031 
[INFO] : 3/5/2020, 1:40:24 PM : Redis connected 
[INFO] : 3/5/2020, 1:40:24 PM : SQL Database connected at :memory: 
[INFO] : 3/5/2020, 1:40:25 PM : Server listening on port 3031 
